<?xml version="1.0" encoding="UTF-8"?>
<!-- Generated by org.testng.reporters.JUnitReportReporter -->
<testsuite skipped="0" hostname="Mac-QG3QC" name="com.app.test.SnapdealTest" tests="1" failures="0" timestamp="26 Oct 2017 12:04:10 GMT" time="35.549" errors="0">
  <testcase name="snapdeal_Product_Search_Sort_PDP_Watch_Login_Test" time="35.549" classname="com.app.test.SnapdealTest"/>
</testsuite> <!-- com.app.test.SnapdealTest -->
